1693584990404	geckodriver	INFO	Listening on 127.0.0.1:58737
1693584993458	mozrunner::runner	INFO	Running command: "C:\\Program Files\\Mozilla Firefox\\firefox.exe" "--marionette" "--remote-debugging-port" "58738" "--remote-allow-hosts" "localhost" "-no-remote" "-profile" "C:\\Users\\SENTHI~1.K\\AppData\\Local\\Temp\\rust_mozprofiledCiy2N"
console.warn: services.settings: Ignoring preference override of remote settings server
console.warn: services.settings: Allow by setting MOZ_REMOTE_SETTINGS_DEVTOOLS=1 in the environment
1693584994212	Marionette	INFO	Marionette enabled
Dynamically enable window occlusion 0
1693584994335	Marionette	INFO	Listening on port 58776
WebDriver BiDi listening on ws://127.0.0.1:58738
Read port: 58776
1693584994851	RemoteAgent	WARN	TLS certificate errors will be ignored for this session
DevTools listening on ws://127.0.0.1:58738/devtools/browser/fc241bdb-f76f-43fc-a781-0a3b9e18c888
console.warn: LoginRecipes: "Falling back to a synchronous message for: https://westfield--sit.sandbox.my.salesforce.com."
console.warn: LoginRecipes: "Falling back to a synchronous message for: https://westfield--sit.sandbox.my.salesforce.com."
1693585008669	Marionette	WARN	Ignoring event 'DOMContentLoaded' because document has an invalid readyState of 'complete'.
JavaScript warning: https://westfield--sit.sandbox.lightning.force.com/auraFW/javascript/WTJ4Z29FanVQWkdxVEdBN0hPM1lTQTVFM0ktN2RHblhYSndzXzhDR2k3U1EyNDYuMTMuMS0zLjAuMg/aura_prod.js line 326 > eval, line 1: Script terminated by timeout at:
i@https://westfield--sit.sandbox.lightning.force.com/components/o11y/client.js:1:14970
_validateFields@https://westfield--sit.sandbox.lightning.force.com/components/o11y/client.js:1:15054
validate@https://westfield--sit.sandbox.lightning.force.com/components/o11y/client.js:1:14759
_checkInputs@https://westfield--sit.sandbox.lightning.force.com/components/o11y/client.js:1:27092
_logInternal@https://westfield--sit.sandbox.lightning.force.com/components/o11y/client.js:1:22400
log/<@https://westfield--sit.sandbox.lightning.force.com/components/o11y/client.js:1:22296
tryCatch@https://westfield--sit.sandbox.lightning.force.com/components/o11y/shared.js:1:7115
log@https://westfield--sit.sandbox.lightning.force.com/components/o11y/client.js:1:22004
navFromPage@https://westfield--sit.sandbox.lightning.force.com/components/instrumentation/o11ySupport.js:1:9436
notify/<@https://westfield--sit.sandbox.lightning.force.com/components/instrumentation/utility.js:1:4271
notify@https://westfield--sit.sandbox.lightning.force.com/components/instrumentation/utility.js:1:4258
navFromPage@https://westfield--sit.sandbox.lightning.force.com/libraries/instrumentation/beaconLib.BeaconLibrary.js:20:404
onWindowClose@https://westfield--sit.sandbox.lightning.force.com/libraries/instrumentation/beaconLib.BeaconLibrary.js:14:288
b@https://westfield--sit.sandbox.lightning.force.com/auraFW/javascript/WTJ4Z29FanVQWkdxVEdBN0hPM1lTQTVFM0ktN2RHblhYSndzXzhDR2k3U1EyNDYuMTMuMS0zLjAuMg/aura_prod.js:984:72
t@https://westfield--sit.sandbox.lightning.force.com/auraFW/javascript/WTJ4Z29FanVQWkdxVEdBN0hPM1lTQTVFM0ktN2RHblhYSndzXzhDR2k3U1EyNDYuMTMuMS0zLjAuMg/aura_prod.js:29:5726

1693585775865	Marionette	INFO	Stopped listening on port 58776
Dynamically enable window occlusion 1
