1693583475053	geckodriver	INFO	Listening on 127.0.0.1:58022
1693583478102	mozrunner::runner	INFO	Running command: "C:\\Program Files\\Mozilla Firefox\\firefox.exe" "--marionette" "--remote-debugging-port" "58023" "--remote-allow-hosts" "localhost" "-no-remote" "-profile" "C:\\Users\\SENTHI~1.K\\AppData\\Local\\Temp\\rust_mozprofileeiODWK"
console.warn: services.settings: Ignoring preference override of remote settings server
console.warn: services.settings: Allow by setting MOZ_REMOTE_SETTINGS_DEVTOOLS=1 in the environment
1693583478432	Marionette	INFO	Marionette enabled
Dynamically enable window occlusion 0
1693583478509	Marionette	INFO	Listening on port 58030
WebDriver BiDi listening on ws://127.0.0.1:58023
Read port: 58030
1693583478711	RemoteAgent	WARN	TLS certificate errors will be ignored for this session
DevTools listening on ws://127.0.0.1:58023/devtools/browser/4a206b28-3413-4400-b813-dc04d17185a4
console.warn: LoginRecipes: "Falling back to a synchronous message for: https://westfield--sit.sandbox.my.salesforce.com."
console.warn: LoginRecipes: "Falling back to a synchronous message for: https://westfield--sit.sandbox.my.salesforce.com."
1693583492633	Marionette	WARN	Ignoring event 'DOMContentLoaded' because document has an invalid readyState of 'complete'.
JavaScript warning: https://westfield--sit.sandbox.lightning.force.com/auraFW/javascript/WTJ4Z29FanVQWkdxVEdBN0hPM1lTQTVFM0ktN2RHblhYSndzXzhDR2k3U1EyNDYuMTMuMS0zLjAuMg/aura_prod.js line 326 > eval, line 25: Script terminated by timeout at:
logComponentDefUsage@https://westfield--sit.sandbox.lightning.force.com/libraries/instrumentation/beaconLib.BeaconLibrary.js:25:39
onWindowClose@https://westfield--sit.sandbox.lightning.force.com/libraries/instrumentation/beaconLib.BeaconLibrary.js:14:315
b@https://westfield--sit.sandbox.lightning.force.com/auraFW/javascript/WTJ4Z29FanVQWkdxVEdBN0hPM1lTQTVFM0ktN2RHblhYSndzXzhDR2k3U1EyNDYuMTMuMS0zLjAuMg/aura_prod.js:984:72
t@https://westfield--sit.sandbox.lightning.force.com/auraFW/javascript/WTJ4Z29FanVQWkdxVEdBN0hPM1lTQTVFM0ktN2RHblhYSndzXzhDR2k3U1EyNDYuMTMuMS0zLjAuMg/aura_prod.js:29:5726

1693583624249	Marionette	INFO	Stopped listening on port 58030
Dynamically enable window occlusion 1
