1693584989572	geckodriver	INFO	Listening on 127.0.0.1:58729
1693584992628	mozrunner::runner	INFO	Running command: "C:\\Program Files\\Mozilla Firefox\\firefox.exe" "--marionette" "--remote-debugging-port" "58730" "--remote-allow-hosts" "localhost" "-no-remote" "-profile" "C:\\Users\\SENTHI~1.K\\AppData\\Local\\Temp\\rust_mozprofilePiVyEK"
console.warn: services.settings: Ignoring preference override of remote settings server
console.warn: services.settings: Allow by setting MOZ_REMOTE_SETTINGS_DEVTOOLS=1 in the environment
1693584993152	Marionette	INFO	Marionette enabled
Dynamically enable window occlusion 0
1693584993261	Marionette	INFO	Listening on port 58761
WebDriver BiDi listening on ws://127.0.0.1:58730
Read port: 58761
1693584993364	RemoteAgent	WARN	TLS certificate errors will be ignored for this session
DevTools listening on ws://127.0.0.1:58730/devtools/browser/427c77e6-b6b9-49c4-97f4-18e288b75864
console.warn: LoginRecipes: "Falling back to a synchronous message for: https://westfield--sit.sandbox.my.salesforce.com."
console.warn: LoginRecipes: "Falling back to a synchronous message for: https://westfield--sit.sandbox.my.salesforce.com."
1693585008470	Marionette	WARN	Ignoring event 'DOMContentLoaded' because document has an invalid readyState of 'complete'.
JavaScript warning: https://westfield--sit.sandbox.lightning.force.com/auraFW/javascript/WTJ4Z29FanVQWkdxVEdBN0hPM1lTQTVFM0ktN2RHblhYSndzXzhDR2k3U1EyNDYuMTMuMS0zLjAuMg/aura_prod.js line 326 > eval, line 1: Script terminated by timeout at:
tryCatch@https://westfield--sit.sandbox.lightning.force.com/components/o11y/shared.js:1:7107
discard@https://westfield--sit.sandbox.lightning.force.com/components/o11y/client.js:1:11891
windowUnloadHandler@https://westfield--sit.sandbox.lightning.force.com/components/instrumentation/o11ySupport.js:1:10509
notify/<@https://westfield--sit.sandbox.lightning.force.com/components/instrumentation/utility.js:1:4271
notify@https://westfield--sit.sandbox.lightning.force.com/components/instrumentation/utility.js:1:4258
onWindowClose@https://westfield--sit.sandbox.lightning.force.com/libraries/instrumentation/beaconLib.BeaconLibrary.js:14:379
b@https://westfield--sit.sandbox.lightning.force.com/auraFW/javascript/WTJ4Z29FanVQWkdxVEdBN0hPM1lTQTVFM0ktN2RHblhYSndzXzhDR2k3U1EyNDYuMTMuMS0zLjAuMg/aura_prod.js:984:72
t@https://westfield--sit.sandbox.lightning.force.com/auraFW/javascript/WTJ4Z29FanVQWkdxVEdBN0hPM1lTQTVFM0ktN2RHblhYSndzXzhDR2k3U1EyNDYuMTMuMS0zLjAuMg/aura_prod.js:29:5726

1693585515529	Marionette	INFO	Stopped listening on port 58761
Dynamically enable window occlusion 1
