1693663546618	geckodriver	INFO	Listening on 127.0.0.1:55369
1693663549682	mozrunner::runner	INFO	Running command: "C:\\Program Files\\Mozilla Firefox\\firefox.exe" "--marionette" "--remote-debugging-port" "55370" "--remote-allow-hosts" "localhost" "-no-remote" "-profile" "C:\\Users\\SENTHI~1.K\\AppData\\Local\\Temp\\rust_mozprofilePhHr50"
console.warn: services.settings: Ignoring preference override of remote settings server
console.warn: services.settings: Allow by setting MOZ_REMOTE_SETTINGS_DEVTOOLS=1 in the environment
1693663550629	Marionette	INFO	Marionette enabled
Dynamically enable window occlusion 0
1693663550736	Marionette	INFO	Listening on port 55384
WebDriver BiDi listening on ws://127.0.0.1:55370
Read port: 55384
1693663551030	RemoteAgent	WARN	TLS certificate errors will be ignored for this session
DevTools listening on ws://127.0.0.1:55370/devtools/browser/c9674ec0-bdcd-4d97-8171-d38a813e928b
console.warn: LoginRecipes: "Falling back to a synchronous message for: https://westfield--sit.sandbox.my.salesforce.com."
console.warn: LoginRecipes: "Falling back to a synchronous message for: https://westfield--sit.sandbox.my.salesforce.com."
1693663568226	Marionette	WARN	Ignoring event 'DOMContentLoaded' because document has an invalid readyState of 'complete'.
JavaScript warning: https://westfield--sit.sandbox.lightning.force.com/auraFW/javascript/WTJ4Z29FanVQWkdxVEdBN0hPM1lTQTVFM0ktN2RHblhYSndzXzhDR2k3U1EyNDYuMTMuMS0zLjAuMg/aura_prod.js line 326 > eval, line 1: Script terminated by timeout at:
isInternal@https://westfield--sit.sandbox.lightning.force.com/components/o11y/shared.js:1:4752
processRawLogMessage@https://westfield--sit.sandbox.lightning.force.com/components/o11y/collectors.js:1:64394
c/</<@https://westfield--sit.sandbox.lightning.force.com/components/o11y/collectors.js:1:64819
c/<@https://westfield--sit.sandbox.lightning.force.com/components/o11y/collectors.js:1:64810
c@https://westfield--sit.sandbox.lightning.force.com/components/o11y/collectors.js:1:64769
e.encodeCoreEnvelopeContentsRaw@https://westfield--sit.sandbox.lightning.force.com/components/o11y/collectors.js:1:73340
e.getProtoLogs@https://westfield--sit.sandbox.lightning.force.com/components/instrumentation/o11ySecondaryLoaderWithImports.js:1:359
getEncodedO11yLogs@https://westfield--sit.sandbox.lightning.force.com/libraries/instrumentation/beaconLib.BeaconLibrary.js:10:428
sendBeacon/<@https://westfield--sit.sandbox.lightning.force.com/libraries/instrumentation/beaconLib.BeaconLibrary.js:15:267
initializeBeacon/this.preservedAuraCallback<@https://westfield--sit.sandbox.lightning.force.com/libraries/instrumentation/beaconLib.BeaconLibrary.js:3:255
b@https://westfield--sit.sandbox.lightning.force.com/auraFW/javascript/WTJ4Z29FanVQWkdxVEdBN0hPM1lTQTVFM0ktN2RHblhYSndzXzhDR2k3U1EyNDYuMTMuMS0zLjAuMg/aura_prod.js:984:72
sendBeacon@https://westfield--sit.sandbox.lightning.force.com/libraries/instrumentation/beaconLib.BeaconLibrary.js:14:454
onWindowClose@https://westfield--sit.sandbox.lightning.force.com/libraries/instrumentation/beaconLib.BeaconLibrary.js:14:407
b@https://westfield--sit.sandbox.lightning.force.com/auraFW/javascript/WTJ4Z29FanVQWkdxVEdBN0hPM1lTQTVFM0ktN2RHblhYSndzXzhDR2k3U1EyNDYuMTMuMS0zLjAuMg/aura_prod.js:984:72
t@https://westfield--sit.sandbox.lightning.force.com/auraFW/javascript/WTJ4Z29FanVQWkdxVEdBN0hPM1lTQTVFM0ktN2RHblhYSndzXzhDR2k3U1EyNDYuMTMuMS0zLjAuMg/aura_prod.js:29:5726

1693663646417	Marionette	INFO	Stopped listening on port 55384
Dynamically enable window occlusion 1
