1693581536158	geckodriver	INFO	Listening on 127.0.0.1:64088
1693581539219	mozrunner::runner	INFO	Running command: "C:\\Program Files\\Mozilla Firefox\\firefox.exe" "--marionette" "--remote-debugging-port" "64089" "--remote-allow-hosts" "localhost" "-no-remote" "-profile" "C:\\Users\\SENTHI~1.K\\AppData\\Local\\Temp\\rust_mozprofileQ9vYJp"
console.warn: services.settings: Ignoring preference override of remote settings server
console.warn: services.settings: Allow by setting MOZ_REMOTE_SETTINGS_DEVTOOLS=1 in the environment
1693581539590	Marionette	INFO	Marionette enabled
Dynamically enable window occlusion 0
1693581539680	Marionette	INFO	Listening on port 64096
WebDriver BiDi listening on ws://127.0.0.1:64089
Read port: 64096
1693581539909	RemoteAgent	WARN	TLS certificate errors will be ignored for this session
DevTools listening on ws://127.0.0.1:64089/devtools/browser/2d75543f-6192-48cc-bc06-23f2926ae231
console.warn: LoginRecipes: "Falling back to a synchronous message for: https://westfield--sit.sandbox.my.salesforce.com."
console.warn: LoginRecipes: "Falling back to a synchronous message for: https://westfield--sit.sandbox.my.salesforce.com."
1693581555283	Marionette	WARN	Ignoring event 'DOMContentLoaded' because document has an invalid readyState of 'complete'.
JavaScript warning: https://westfield--sit.sandbox.lightning.force.com/auraFW/javascript/WTJ4Z29FanVQWkdxVEdBN0hPM1lTQTVFM0ktN2RHblhYSndzXzhDR2k3U1EyNDYuMTMuMS0zLjAuMg/aura_prod.js line 326 > eval, line 1: Script terminated by timeout at:
i@https://westfield--sit.sandbox.lightning.force.com/components/o11y/client.js:1:14995
_validateFields@https://westfield--sit.sandbox.lightning.force.com/components/o11y/client.js:1:15054
validate@https://westfield--sit.sandbox.lightning.force.com/components/o11y/client.js:1:14759
_checkInputs@https://westfield--sit.sandbox.lightning.force.com/components/o11y/client.js:1:27092
_getPayloadFromProvider@https://westfield--sit.sandbox.lightning.force.com/components/o11y/client.js:1:24365
_logInternal@https://westfield--sit.sandbox.lightning.force.com/components/o11y/client.js:1:22429
log/<@https://westfield--sit.sandbox.lightning.force.com/components/o11y/client.js:1:22296
tryCatch@https://westfield--sit.sandbox.lightning.force.com/components/o11y/shared.js:1:7115
log@https://westfield--sit.sandbox.lightning.force.com/components/o11y/client.js:1:22004
navFromPage@https://westfield--sit.sandbox.lightning.force.com/components/instrumentation/o11ySupport.js:1:9436
notify/<@https://westfield--sit.sandbox.lightning.force.com/components/instrumentation/utility.js:1:4271
notify@https://westfield--sit.sandbox.lightning.force.com/components/instrumentation/utility.js:1:4258
navFromPage@https://westfield--sit.sandbox.lightning.force.com/libraries/instrumentation/beaconLib.BeaconLibrary.js:20:404
onWindowClose@https://westfield--sit.sandbox.lightning.force.com/libraries/instrumentation/beaconLib.BeaconLibrary.js:14:288
b@https://westfield--sit.sandbox.lightning.force.com/auraFW/javascript/WTJ4Z29FanVQWkdxVEdBN0hPM1lTQTVFM0ktN2RHblhYSndzXzhDR2k3U1EyNDYuMTMuMS0zLjAuMg/aura_prod.js:984:72
t@https://westfield--sit.sandbox.lightning.force.com/auraFW/javascript/WTJ4Z29FanVQWkdxVEdBN0hPM1lTQTVFM0ktN2RHblhYSndzXzhDR2k3U1EyNDYuMTMuMS0zLjAuMg/aura_prod.js:29:5726

1693581704526	Marionette	INFO	Stopped listening on port 64096
Dynamically enable window occlusion 1
