1693588001761	geckodriver	INFO	Listening on 127.0.0.1:60098
1693588004832	mozrunner::runner	INFO	Running command: "C:\\Program Files\\Mozilla Firefox\\firefox.exe" "--marionette" "--remote-debugging-port" "60099" "--remote-allow-hosts" "localhost" "-no-remote" "-profile" "C:\\Users\\SENTHI~1.K\\AppData\\Local\\Temp\\rust_mozprofileNAe7fz"
console.warn: services.settings: Ignoring preference override of remote settings server
console.warn: services.settings: Allow by setting MOZ_REMOTE_SETTINGS_DEVTOOLS=1 in the environment
1693588005169	Marionette	INFO	Marionette enabled
Dynamically enable window occlusion 0
1693588005246	Marionette	INFO	Listening on port 60106
WebDriver BiDi listening on ws://127.0.0.1:60099
Read port: 60106
1693588005464	RemoteAgent	WARN	TLS certificate errors will be ignored for this session
DevTools listening on ws://127.0.0.1:60099/devtools/browser/30d6a425-9481-4bde-a5ff-80d504c3117a
console.warn: LoginRecipes: "Falling back to a synchronous message for: https://westfield--sit.sandbox.my.salesforce.com."
console.warn: LoginRecipes: "Falling back to a synchronous message for: https://westfield--sit.sandbox.my.salesforce.com."
1693588020139	Marionette	WARN	Ignoring event 'DOMContentLoaded' because document has an invalid readyState of 'complete'.
JavaScript warning: https://westfield--sit.sandbox.lightning.force.com/auraFW/javascript/WTJ4Z29FanVQWkdxVEdBN0hPM1lTQTVFM0ktN2RHblhYSndzXzhDR2k3U1EyNDYuMTMuMS0zLjAuMg/aura_prod.js line 326 > eval, line 1: Script terminated by timeout at:
_checkArgument@https://westfield--sit.sandbox.lightning.force.com/components/o11y/shared.js:1:1800
requireArgumentIfDefined@https://westfield--sit.sandbox.lightning.force.com/components/o11y/shared.js:1:2263
log/<@https://westfield--sit.sandbox.lightning.force.com/components/o11y/client.js:1:22125
tryCatch@https://westfield--sit.sandbox.lightning.force.com/components/o11y/shared.js:1:7115
log@https://westfield--sit.sandbox.lightning.force.com/components/o11y/client.js:1:22004
navFromPage@https://westfield--sit.sandbox.lightning.force.com/components/instrumentation/o11ySupport.js:1:9436
notify/<@https://westfield--sit.sandbox.lightning.force.com/components/instrumentation/utility.js:1:4271
notify@https://westfield--sit.sandbox.lightning.force.com/components/instrumentation/utility.js:1:4258
navFromPage@https://westfield--sit.sandbox.lightning.force.com/libraries/instrumentation/beaconLib.BeaconLibrary.js:20:404
onWindowClose@https://westfield--sit.sandbox.lightning.force.com/libraries/instrumentation/beaconLib.BeaconLibrary.js:14:288
b@https://westfield--sit.sandbox.lightning.force.com/auraFW/javascript/WTJ4Z29FanVQWkdxVEdBN0hPM1lTQTVFM0ktN2RHblhYSndzXzhDR2k3U1EyNDYuMTMuMS0zLjAuMg/aura_prod.js:984:72
t@https://westfield--sit.sandbox.lightning.force.com/auraFW/javascript/WTJ4Z29FanVQWkdxVEdBN0hPM1lTQTVFM0ktN2RHblhYSndzXzhDR2k3U1EyNDYuMTMuMS0zLjAuMg/aura_prod.js:29:5726

1693589283535	Marionette	INFO	Stopped listening on port 60106
Dynamically enable window occlusion 1
!!! error running onStopped callback: TypeError: callback is not a function
