1693582056349	geckodriver	INFO	Listening on 127.0.0.1:64326
1693582059400	mozrunner::runner	INFO	Running command: "C:\\Program Files\\Mozilla Firefox\\firefox.exe" "--marionette" "--remote-debugging-port" "64327" "--remote-allow-hosts" "localhost" "-no-remote" "-profile" "C:\\Users\\SENTHI~1.K\\AppData\\Local\\Temp\\rust_mozprofileFwyyfe"
console.warn: services.settings: Ignoring preference override of remote settings server
console.warn: services.settings: Allow by setting MOZ_REMOTE_SETTINGS_DEVTOOLS=1 in the environment
1693582059741	Marionette	INFO	Marionette enabled
Dynamically enable window occlusion 0
1693582059834	Marionette	INFO	Listening on port 64335
Read port: 64335
WebDriver BiDi listening on ws://127.0.0.1:64327
1693582059894	RemoteAgent	WARN	TLS certificate errors will be ignored for this session
DevTools listening on ws://127.0.0.1:64327/devtools/browser/b71248b8-62f7-49cc-a0c5-007eebc81baf
console.warn: LoginRecipes: "Falling back to a synchronous message for: https://westfield--sit.sandbox.my.salesforce.com."
console.warn: LoginRecipes: "Falling back to a synchronous message for: https://westfield--sit.sandbox.my.salesforce.com."
JavaScript error: https://a.sfdcstatic.com/digital/one-trust/core/stable/scripttemplates/202306.1.0/otBannerSdk.js, line 7: TypeError: this.selector is null
1693582073326	Marionette	WARN	Ignoring event 'DOMContentLoaded' because document has an invalid readyState of 'complete'.
JavaScript warning: https://westfield--sit.sandbox.lightning.force.com/auraFW/javascript/WTJ4Z29FanVQWkdxVEdBN0hPM1lTQTVFM0ktN2RHblhYSndzXzhDR2k3U1EyNDYuMTMuMS0zLjAuMg/aura_prod.js line 326 > eval, line 1: Script terminated by timeout at:
isInternal@https://westfield--sit.sandbox.lightning.force.com/components/o11y/shared.js:1:4752
addLog@https://westfield--sit.sandbox.lightning.force.com/components/o11y/client.js:1:39424
_logInternal@https://westfield--sit.sandbox.lightning.force.com/components/o11y/client.js:1:22574
log/<@https://westfield--sit.sandbox.lightning.force.com/components/o11y/client.js:1:22296
tryCatch@https://westfield--sit.sandbox.lightning.force.com/components/o11y/shared.js:1:7115
log@https://westfield--sit.sandbox.lightning.force.com/components/o11y/client.js:1:22004
navFromPage@https://westfield--sit.sandbox.lightning.force.com/components/instrumentation/o11ySupport.js:1:9436
notify/<@https://westfield--sit.sandbox.lightning.force.com/components/instrumentation/utility.js:1:4271
notify@https://westfield--sit.sandbox.lightning.force.com/components/instrumentation/utility.js:1:4258
navFromPage@https://westfield--sit.sandbox.lightning.force.com/libraries/instrumentation/beaconLib.BeaconLibrary.js:20:404
onWindowClose@https://westfield--sit.sandbox.lightning.force.com/libraries/instrumentation/beaconLib.BeaconLibrary.js:14:288
b@https://westfield--sit.sandbox.lightning.force.com/auraFW/javascript/WTJ4Z29FanVQWkdxVEdBN0hPM1lTQTVFM0ktN2RHblhYSndzXzhDR2k3U1EyNDYuMTMuMS0zLjAuMg/aura_prod.js:984:72
t@https://westfield--sit.sandbox.lightning.force.com/auraFW/javascript/WTJ4Z29FanVQWkdxVEdBN0hPM1lTQTVFM0ktN2RHblhYSndzXzhDR2k3U1EyNDYuMTMuMS0zLjAuMg/aura_prod.js:29:5726

1693583467175	Marionette	INFO	Stopped listening on port 64335
Dynamically enable window occlusion 1
!!! error running onStopped callback: TypeError: callback is not a function
