1693759013038	geckodriver	INFO	Listening on 127.0.0.1:59215
1693759016096	mozrunner::runner	INFO	Running command: "C:\\Program Files\\Mozilla Firefox\\firefox.exe" "--marionette" "--remote-debugging-port" "59216" "--remote-allow-hosts" "localhost" "-no-remote" "-profile" "C:\\Users\\SENTHI~1.K\\AppData\\Local\\Temp\\rust_mozprofilesFc8Ns"
console.warn: services.settings: Ignoring preference override of remote settings server
console.warn: services.settings: Allow by setting MOZ_REMOTE_SETTINGS_DEVTOOLS=1 in the environment
1693759016447	Marionette	INFO	Marionette enabled
Dynamically enable window occlusion 0
1693759016542	Marionette	INFO	Listening on port 59223
WebDriver BiDi listening on ws://127.0.0.1:59216
Read port: 59223
1693759016764	RemoteAgent	WARN	TLS certificate errors will be ignored for this session
DevTools listening on ws://127.0.0.1:59216/devtools/browser/cc6ca2af-013a-4fff-9d9d-77e9599fa665
console.warn: LoginRecipes: "Falling back to a synchronous message for: https://westfield--sit.sandbox.my.salesforce.com."
console.warn: LoginRecipes: "Falling back to a synchronous message for: https://westfield--sit.sandbox.my.salesforce.com."
1693759028734	Marionette	WARN	Ignoring event 'DOMContentLoaded' because document has an invalid readyState of 'complete'.
JavaScript warning: https://westfield--sit.sandbox.lightning.force.com/auraFW/javascript/WTJ4Z29FanVQWkdxVEdBN0hPM1lTQTVFM0ktN2RHblhYSndzXzhDR2k3U1EyNDYuMTMuMS0zLjAuMg/aura_prod.js line 326 > eval line 1 > Function, line 9: Script terminated by timeout at:
anonymous@https://westfield--sit.sandbox.lightning.force.com/auraFW/javascript/WTJ4Z29FanVQWkdxVEdBN0hPM1lTQTVFM0ktN2RHblhYSndzXzhDR2k3U1EyNDYuMTMuMS0zLjAuMg/aura_prod.js line 326 > eval line 1 > Function:9:1
o@https://westfield--sit.sandbox.lightning.force.com/components/o11y/collectors.js:1:2098
get@https://westfield--sit.sandbox.lightning.force.com/components/o11y/collectors.js:1:44305
a[15]</p.prototype.resolve@https://westfield--sit.sandbox.lightning.force.com/components/o11y/collectors.js:1:21523
a[31]</b.prototype.setup@https://westfield--sit.sandbox.lightning.force.com/components/o11y/collectors.js:1:47849
a[31]</b.prototype.verify@https://westfield--sit.sandbox.lightning.force.com/components/o11y/collectors.js:1:48659
validate@https://westfield--sit.sandbox.lightning.force.com/components/o11y/collectors.js:1:63594
encode@https://westfield--sit.sandbox.lightning.force.com/components/o11y/collectors.js:1:63696
processRawLogMessage@https://westfield--sit.sandbox.lightning.force.com/components/o11y/collectors.js:1:64504
c/</<@https://westfield--sit.sandbox.lightning.force.com/components/o11y/collectors.js:1:64819
c/<@https://westfield--sit.sandbox.lightning.force.com/components/o11y/collectors.js:1:64810
c@https://westfield--sit.sandbox.lightning.force.com/components/o11y/collectors.js:1:64769
e.encodeCoreEnvelopeContentsRaw@https://westfield--sit.sandbox.lightning.force.com/components/o11y/collectors.js:1:73340
e.getProtoLogs@https://westfield--sit.sandbox.lightning.force.com/components/instrumentation/o11ySecondaryLoaderWithImports.js:1:359
getEncodedO11yLogs@https://westfield--sit.sandbox.lightning.force.com/libraries/instrumentation/beaconLib.BeaconLibrary.js:10:428
sendBeacon/<@https://westfield--sit.sandbox.lightning.force.com/libraries/instrumentation/beaconLib.BeaconLibrary.js:15:267
initializeBeacon/this.preservedAuraCallback<@https://westfield--sit.sandbox.lightning.force.com/libraries/instrumentation/beaconLib.BeaconLibrary.js:3:255
b@https://westfield--sit.sandbox.lightning.force.com/auraFW/javascript/WTJ4Z29FanVQWkdxVEdBN0hPM1lTQTVFM0ktN2RHblhYSndzXzhDR2k3U1EyNDYuMTMuMS0zLjAuMg/aura_prod.js:984:72
sendBeacon@https://westfield--sit.sandbox.lightning.force.com/libraries/instrumentation/beaconLib.BeaconLibrary.js:14:454
onWindowClose@https://westfield--sit.sandbox.lightning.force.com/libraries/instrumentation/beaconLib.BeaconLibrary.js:14:407
b@https://westfield--sit.sandbox.lightning.force.com/auraFW/javascript/WTJ4Z29FanVQWkdxVEdBN0hPM1lTQTVFM0ktN2RHblhYSndzXzhDR2k3U1EyNDYuMTMuMS0zLjAuMg/aura_prod.js:984:72
t@https://westfield--sit.sandbox.lightning.force.com/auraFW/javascript/WTJ4Z29FanVQWkdxVEdBN0hPM1lTQTVFM0ktN2RHblhYSndzXzhDR2k3U1EyNDYuMTMuMS0zLjAuMg/aura_prod.js:29:5726

1693759084802	Marionette	INFO	Stopped listening on port 59223
Dynamically enable window occlusion 1
