1693672494095	geckodriver	INFO	Listening on 127.0.0.1:54629
1693672497167	mozrunner::runner	INFO	Running command: "C:\\Program Files\\Mozilla Firefox\\firefox.exe" "--marionette" "--remote-debugging-port" "54630" "--remote-allow-hosts" "localhost" "-no-remote" "-profile" "C:\\Users\\SENTHI~1.K\\AppData\\Local\\Temp\\rust_mozprofileC9wIwu"
console.warn: services.settings: Ignoring preference override of remote settings server
console.warn: services.settings: Allow by setting MOZ_REMOTE_SETTINGS_DEVTOOLS=1 in the environment
1693672497525	Marionette	INFO	Marionette enabled
Dynamically enable window occlusion 0
1693672497607	Marionette	INFO	Listening on port 54637
Read port: 54637
WebDriver BiDi listening on ws://127.0.0.1:54630
1693672497664	RemoteAgent	WARN	TLS certificate errors will be ignored for this session
DevTools listening on ws://127.0.0.1:54630/devtools/browser/c3ddd065-02d8-446b-acbf-da46a8b3db0e
console.warn: LoginRecipes: "Falling back to a synchronous message for: https://westfield--sit.sandbox.my.salesforce.com."
console.warn: LoginRecipes: "Falling back to a synchronous message for: https://westfield--sit.sandbox.my.salesforce.com."
1693672509237	Marionette	WARN	Ignoring event 'DOMContentLoaded' because document has an invalid readyState of 'complete'.
JavaScript warning: https://westfield--sit.sandbox.lightning.force.com/auraFW/javascript/WTJ4Z29FanVQWkdxVEdBN0hPM1lTQTVFM0ktN2RHblhYSndzXzhDR2k3U1EyNDYuMTMuMS0zLjAuMg/aura_prod.js, line 935: Script terminated by timeout at:
BJ@https://westfield--sit.sandbox.lightning.force.com/auraFW/javascript/WTJ4Z29FanVQWkdxVEdBN0hPM1lTQTVFM0ktN2RHblhYSndzXzhDR2k3U1EyNDYuMTMuMS0zLjAuMg/aura_prod.js:935:22
Y.prototype.transaction@https://westfield--sit.sandbox.lightning.force.com/auraFW/javascript/WTJ4Z29FanVQWkdxVEdBN0hPM1lTQTVFM0ktN2RHblhYSndzXzhDR2k3U1EyNDYuMTMuMS0zLjAuMg/aura_prod.js:929:87
onWindowClose@https://westfield--sit.sandbox.lightning.force.com/libraries/instrumentation/beaconLib.BeaconLibrary.js:13:512
b@https://westfield--sit.sandbox.lightning.force.com/auraFW/javascript/WTJ4Z29FanVQWkdxVEdBN0hPM1lTQTVFM0ktN2RHblhYSndzXzhDR2k3U1EyNDYuMTMuMS0zLjAuMg/aura_prod.js:984:72
t@https://westfield--sit.sandbox.lightning.force.com/auraFW/javascript/WTJ4Z29FanVQWkdxVEdBN0hPM1lTQTVFM0ktN2RHblhYSndzXzhDR2k3U1EyNDYuMTMuMS0zLjAuMg/aura_prod.js:29:5726

1693672694542	Marionette	INFO	Stopped listening on port 54637
Dynamically enable window occlusion 1
