1693676138345	geckodriver	INFO	Listening on 127.0.0.1:56319
1693676141393	mozrunner::runner	INFO	Running command: "C:\\Program Files\\Mozilla Firefox\\firefox.exe" "--marionette" "--remote-debugging-port" "56320" "--remote-allow-hosts" "localhost" "-no-remote" "-profile" "C:\\Users\\SENTHI~1.K\\AppData\\Local\\Temp\\rust_mozprofileDuhfla"
console.warn: services.settings: Ignoring preference override of remote settings server
console.warn: services.settings: Allow by setting MOZ_REMOTE_SETTINGS_DEVTOOLS=1 in the environment
1693676141758	Marionette	INFO	Marionette enabled
Dynamically enable window occlusion 0
1693676141839	Marionette	INFO	Listening on port 56327
Read port: 56327
WebDriver BiDi listening on ws://127.0.0.1:56320
1693676141897	RemoteAgent	WARN	TLS certificate errors will be ignored for this session
DevTools listening on ws://127.0.0.1:56320/devtools/browser/714e437a-9f2d-4373-9bc0-223489af0c62
console.warn: LoginRecipes: "Falling back to a synchronous message for: https://westfield--sit.sandbox.my.salesforce.com."
console.warn: LoginRecipes: "Falling back to a synchronous message for: https://westfield--sit.sandbox.my.salesforce.com."
1693676153500	Marionette	WARN	Ignoring event 'DOMContentLoaded' because document has an invalid readyState of 'complete'.
console.warn: LoginRecipes: "Falling back to a synchronous message for: https://westfield--sit.sandbox.lightning.force.com."
JavaScript warning: https://westfield--sit.sandbox.lightning.force.com/auraFW/javascript/WTJ4Z29FanVQWkdxVEdBN0hPM1lTQTVFM0ktN2RHblhYSndzXzhDR2k3U1EyNDYuMTMuMS0zLjAuMg/aura_prod.js line 326 > eval, line 25: Script terminated by timeout at:
logComponentDefUsage@https://westfield--sit.sandbox.lightning.force.com/libraries/instrumentation/beaconLib.BeaconLibrary.js:25:39
onWindowClose@https://westfield--sit.sandbox.lightning.force.com/libraries/instrumentation/beaconLib.BeaconLibrary.js:14:315
b@https://westfield--sit.sandbox.lightning.force.com/auraFW/javascript/WTJ4Z29FanVQWkdxVEdBN0hPM1lTQTVFM0ktN2RHblhYSndzXzhDR2k3U1EyNDYuMTMuMS0zLjAuMg/aura_prod.js:984:72
t@https://westfield--sit.sandbox.lightning.force.com/auraFW/javascript/WTJ4Z29FanVQWkdxVEdBN0hPM1lTQTVFM0ktN2RHblhYSndzXzhDR2k3U1EyNDYuMTMuMS0zLjAuMg/aura_prod.js:29:5726

1693676367910	Marionette	INFO	Stopped listening on port 56327
Dynamically enable window occlusion 1
