1693756766984	geckodriver	INFO	Listening on 127.0.0.1:58642
1693756770057	mozrunner::runner	INFO	Running command: "C:\\Program Files\\Mozilla Firefox\\firefox.exe" "--marionette" "--remote-debugging-port" "58643" "--remote-allow-hosts" "localhost" "-no-remote" "-profile" "C:\\Users\\SENTHI~1.K\\AppData\\Local\\Temp\\rust_mozprofiletVaS3I"
console.warn: services.settings: Ignoring preference override of remote settings server
console.warn: services.settings: Allow by setting MOZ_REMOTE_SETTINGS_DEVTOOLS=1 in the environment
1693756770401	Marionette	INFO	Marionette enabled
Dynamically enable window occlusion 0
1693756770491	Marionette	INFO	Listening on port 58650
WebDriver BiDi listening on ws://127.0.0.1:58643
Read port: 58650
1693756770714	RemoteAgent	WARN	TLS certificate errors will be ignored for this session
DevTools listening on ws://127.0.0.1:58643/devtools/browser/d1b51523-052a-4362-b13e-16159e1d27cf
console.warn: LoginRecipes: "Falling back to a synchronous message for: https://westfield--sit.sandbox.my.salesforce.com."
console.warn: LoginRecipes: "Falling back to a synchronous message for: https://westfield--sit.sandbox.my.salesforce.com."
1693756784128	Marionette	WARN	Ignoring event 'DOMContentLoaded' because document has an invalid readyState of 'complete'.
JavaScript warning: https://westfield--sit.sandbox.lightning.force.com/auraFW/javascript/WTJ4Z29FanVQWkdxVEdBN0hPM1lTQTVFM0ktN2RHblhYSndzXzhDR2k3U1EyNDYuMTMuMS0zLjAuMg/aura_prod.js line 326 > eval, line 1: Script terminated by timeout at:
getElements@https://westfield--sit.sandbox.lightning.force.com/components/o11y/client.js:1:18980
getUpCounters@https://westfield--sit.sandbox.lightning.force.com/components/o11y/client.js:1:20449
getUpCounters@https://westfield--sit.sandbox.lightning.force.com/components/o11y/client.js:1:27605
_getAllUpCounters/t<@https://westfield--sit.sandbox.lightning.force.com/components/o11y/client.js:1:41985
_getAllUpCounters@https://westfield--sit.sandbox.lightning.force.com/components/o11y/client.js:1:41976
extractMetricsIntoArray@https://westfield--sit.sandbox.lightning.force.com/components/instrumentation/o11ySupport.js:1:1219
collectTelemetryMetrics@https://westfield--sit.sandbox.lightning.force.com/libraries/instrumentation/beaconLib.BeaconLibrary.js:49:209
sendBeacon/<@https://westfield--sit.sandbox.lightning.force.com/libraries/instrumentation/beaconLib.BeaconLibrary.js:15:6
initializeBeacon/this.preservedAuraCallback<@https://westfield--sit.sandbox.lightning.force.com/libraries/instrumentation/beaconLib.BeaconLibrary.js:3:255
b@https://westfield--sit.sandbox.lightning.force.com/auraFW/javascript/WTJ4Z29FanVQWkdxVEdBN0hPM1lTQTVFM0ktN2RHblhYSndzXzhDR2k3U1EyNDYuMTMuMS0zLjAuMg/aura_prod.js:984:72
sendBeacon@https://westfield--sit.sandbox.lightning.force.com/libraries/instrumentation/beaconLib.BeaconLibrary.js:14:454
onWindowClose@https://westfield--sit.sandbox.lightning.force.com/libraries/instrumentation/beaconLib.BeaconLibrary.js:14:407
b@https://westfield--sit.sandbox.lightning.force.com/auraFW/javascript/WTJ4Z29FanVQWkdxVEdBN0hPM1lTQTVFM0ktN2RHblhYSndzXzhDR2k3U1EyNDYuMTMuMS0zLjAuMg/aura_prod.js:984:72
t@https://westfield--sit.sandbox.lightning.force.com/auraFW/javascript/WTJ4Z29FanVQWkdxVEdBN0hPM1lTQTVFM0ktN2RHblhYSndzXzhDR2k3U1EyNDYuMTMuMS0zLjAuMg/aura_prod.js:29:5726

1693756860164	Marionette	INFO	Stopped listening on port 58650
Dynamically enable window occlusion 1
