1693583765826	geckodriver	INFO	Listening on 127.0.0.1:58206
1693583768862	mozrunner::runner	INFO	Running command: "C:\\Program Files\\Mozilla Firefox\\firefox.exe" "--marionette" "--remote-debugging-port" "58207" "--remote-allow-hosts" "localhost" "-no-remote" "-profile" "C:\\Users\\SENTHI~1.K\\AppData\\Local\\Temp\\rust_mozprofileNHs1QN"
console.warn: services.settings: Ignoring preference override of remote settings server
console.warn: services.settings: Allow by setting MOZ_REMOTE_SETTINGS_DEVTOOLS=1 in the environment
1693583769177	Marionette	INFO	Marionette enabled
Dynamically enable window occlusion 0
1693583769253	Marionette	INFO	Listening on port 58215
WebDriver BiDi listening on ws://127.0.0.1:58207
Read port: 58215
1693583769459	RemoteAgent	WARN	TLS certificate errors will be ignored for this session
DevTools listening on ws://127.0.0.1:58207/devtools/browser/ba8ac98c-baeb-4027-9a54-e62b4bd914e2
console.warn: LoginRecipes: "Falling back to a synchronous message for: https://westfield--sit.sandbox.my.salesforce.com."
console.warn: LoginRecipes: "Falling back to a synchronous message for: https://westfield--sit.sandbox.my.salesforce.com."
1693583783852	Marionette	WARN	Ignoring event 'DOMContentLoaded' because document has an invalid readyState of 'complete'.
JavaScript error: , line 0: NotFoundError: No such JSWindowActor 'DevToolsFrame'
JavaScript warning: https://westfield--sit.sandbox.lightning.force.com/auraFW/javascript/WTJ4Z29FanVQWkdxVEdBN0hPM1lTQTVFM0ktN2RHblhYSndzXzhDR2k3U1EyNDYuMTMuMS0zLjAuMg/aura_prod.js line 326 > eval, line 1: Script terminated by timeout at:
o@https://westfield--sit.sandbox.lightning.force.com/components/o11y/collectors.js:1:1830
a[12]</t.exports@https://westfield--sit.sandbox.lightning.force.com/components/o11y/collectors.js:1:14876
a[31]</b.prototype.setup@https://westfield--sit.sandbox.lightning.force.com/components/o11y/collectors.js:1:47932
a[31]</b.prototype.verify@https://westfield--sit.sandbox.lightning.force.com/components/o11y/collectors.js:1:48659
validate@https://westfield--sit.sandbox.lightning.force.com/components/o11y/collectors.js:1:63594
encode@https://westfield--sit.sandbox.lightning.force.com/components/o11y/collectors.js:1:63696
processRawLogMessage@https://westfield--sit.sandbox.lightning.force.com/components/o11y/collectors.js:1:64504
c/</<@https://westfield--sit.sandbox.lightning.force.com/components/o11y/collectors.js:1:64819
c/<@https://westfield--sit.sandbox.lightning.force.com/components/o11y/collectors.js:1:64810
c@https://westfield--sit.sandbox.lightning.force.com/components/o11y/collectors.js:1:64769
e.encodeCoreEnvelopeContentsRaw@https://westfield--sit.sandbox.lightning.force.com/components/o11y/collectors.js:1:73340
e.getProtoLogs@https://westfield--sit.sandbox.lightning.force.com/components/instrumentation/o11ySecondaryLoaderWithImports.js:1:359
getEncodedO11yLogs@https://westfield--sit.sandbox.lightning.force.com/libraries/instrumentation/beaconLib.BeaconLibrary.js:10:428
sendBeacon/<@https://westfield--sit.sandbox.lightning.force.com/libraries/instrumentation/beaconLib.BeaconLibrary.js:15:267
initializeBeacon/this.preservedAuraCallback<@https://westfield--sit.sandbox.lightning.force.com/libraries/instrumentation/beaconLib.BeaconLibrary.js:3:255
b@https://westfield--sit.sandbox.lightning.force.com/auraFW/javascript/WTJ4Z29FanVQWkdxVEdBN0hPM1lTQTVFM0ktN2RHblhYSndzXzhDR2k3U1EyNDYuMTMuMS0zLjAuMg/aura_prod.js:984:72
sendBeacon@https://westfield--sit.sandbox.lightning.force.com/libraries/instrumentation/beaconLib.BeaconLibrary.js:14:454
onWindowClose@https://westfield--sit.sandbox.lightning.force.com/libraries/instrumentation/beaconLib.BeaconLibrary.js:14:407
b@https://westfield--sit.sandbox.lightning.force.com/auraFW/javascript/WTJ4Z29FanVQWkdxVEdBN0hPM1lTQTVFM0ktN2RHblhYSndzXzhDR2k3U1EyNDYuMTMuMS0zLjAuMg/aura_prod.js:984:72
t@https://westfield--sit.sandbox.lightning.force.com/auraFW/javascript/WTJ4Z29FanVQWkdxVEdBN0hPM1lTQTVFM0ktN2RHblhYSndzXzhDR2k3U1EyNDYuMTMuMS0zLjAuMg/aura_prod.js:29:5726

JavaScript error: resource://gre/modules/AsyncShutdown.sys.mjs, line 573: NotFoundError: No such JSWindowActor 'DevToolsFrame'
1693584353534	Marionette	INFO	Stopped listening on port 58215
Dynamically enable window occlusion 1
